{
  "RSpec": {
    "coverage": {
      "/Users/Audrey/ada-class/Week3/far_mar_finder/lib/far_mar_finder.rb": [
        1,
        1,
        1,
        1,
        1,
        1,
        1,
        null,
        1,
        1,
        null,
        null,
        1,
        12,
        null,
        null,
        1,
        17,
        null,
        null,
        1,
        13,
        null,
        null,
        1,
        13,
        null,
        null,
        null,
        null,
        1,
        1
      ],
      "/Users/Audrey/ada-class/Week3/far_mar_finder/lib/market.rb": [
        1,
        1,
        null,
        1,
        501,
        501,
        501,
        501,
        501,
        501,
        501,
        null,
        null,
        1,
        null,
        500,
        10,
        null,
        null,
        1,
        8,
        8,
        null,
        null,
        null,
        1,
        0,
        0,
        null,
        null,
        null,
        1,
        0,
        0,
        null,
        null,
        null,
        1,
        2691,
        null,
        null,
        1,
        0,
        null,
        null,
        1,
        0,
        0,
        null,
        null,
        null,
        1,
        0,
        0,
        null,
        null,
        null,
        null,
        null,
        null,
        1,
        0,
        0,
        null,
        null
      ],
      "/Users/Audrey/ada-class/Week3/far_mar_finder/lib/product.rb": [
        1,
        1,
        null,
        1,
        8193,
        8193,
        8193,
        null,
        null,
        1,
        null,
        8193,
        11,
        null,
        null,
        1,
        7,
        278,
        null,
        null,
        null,
        1,
        1,
        8193,
        null,
        null,
        null,
        1,
        0,
        0,
        null,
        null,
        null,
        1,
        0,
        0,
        null,
        null,
        null,
        null,
        1,
        0,
        0,
        0,
        0,
        null,
        null,
        0,
        null,
        null,
        null,
        1,
        0,
        0,
        null,
        null,
        1,
        22,
        null,
        null,
        1,
        12799,
        null,
        null,
        1,
        0,
        null,
        null,
        1,
        0,
        null,
        null
      ],
      "/Users/Audrey/ada-class/Week3/far_mar_finder/lib/sale.rb": [
        1,
        1,
        null,
        1,
        12798,
        12798,
        12798,
        12798,
        12798,
        null,
        null,
        1,
        null,
        12798,
        13,
        null,
        null,
        1,
        9,
        9,
        null,
        null,
        null,
        1,
        0,
        0,
        null,
        null,
        null,
        1,
        0,
        0,
        null,
        null,
        null,
        1,
        0,
        0,
        null,
        null,
        1,
        2,
        null,
        null,
        1,
        2,
        null,
        null,
        1,
        0,
        null,
        null
      ],
      "/Users/Audrey/ada-class/Week3/far_mar_finder/lib/vendor.rb": [
        1,
        1,
        null,
        1,
        2690,
        2690,
        2690,
        2690,
        null,
        null,
        1,
        null,
        2690,
        18,
        null,
        null,
        1,
        13,
        7759,
        null,
        null,
        null,
        1,
        1,
        2690,
        null,
        null,
        null,
        1,
        0,
        0,
        null,
        null,
        null,
        1,
        0,
        0,
        null,
        null,
        null,
        1,
        2,
        null,
        null,
        1,
        8194,
        null,
        null,
        1,
        12799,
        null,
        null,
        1,
        0,
        null,
        null,
        null,
        1,
        12799,
        2432,
        4,
        null,
        null,
        null,
        null,
        1,
        0,
        null,
        null,
        null,
        null,
        null,
        null,
        null,
        null,
        null,
        null,
        null,
        null,
        null
      ]
    },
    "timestamp": 1384543265
  }
}
